000 (2342720.000.000) 2024-10-07 13:18:43 Job submitted from host: <128.105.68.113:9618?addrs=[2607-f388-2200-100-eaeb-d3ff-fea7-d05e]-9618+128.105.68.113-9618&alias=ap2002.chtc.wisc.edu&noUDP&sock=schedd_808521_bc0d>
...
009 (2342720.000.000) 2024-10-07 13:20:35 Job was aborted.
	via condor_rm (by user mtopf)
...
000 (2342771.000.000) 2024-10-07 13:20:49 Job submitted from host: <128.105.68.113:9618?addrs=[2607-f388-2200-100-eaeb-d3ff-fea7-d05e]-9618+128.105.68.113-9618&alias=ap2002.chtc.wisc.edu&noUDP&sock=schedd_808521_bc0d>
...
000 (2342812.000.000) 2024-10-07 13:23:27 Job submitted from host: <128.105.68.113:9618?addrs=[2607-f388-2200-100-eaeb-d3ff-fea7-d05e]-9618+128.105.68.113-9618&alias=ap2002.chtc.wisc.edu&noUDP&sock=schedd_808521_bc0d>
    DAG Node: SB5YTL_1+minimap2
...
009 (2342771.000.000) 2024-10-07 13:31:27 Job was aborted.
	via condor_rm (by user mtopf)
...
009 (2342812.000.000) 2024-10-07 13:31:27 Job was aborted.
	via condor_rm (by user mtopf)
...
000 (2343141.000.000) 2024-10-07 13:41:41 Job submitted from host: <128.105.68.113:9618?addrs=[2607-f388-2200-100-eaeb-d3ff-fea7-d05e]-9618+128.105.68.113-9618&alias=ap2002.chtc.wisc.edu&noUDP&sock=schedd_808521_bc0d>
    DAG Node: SB5YTL_1+minimap2
...
040 (2343141.000.000) 2024-10-07 14:05:53 Started transferring input files
	Transferring to host: <128.105.69.235:9618?addrs=[2607-f388-2200-100-eaeb-d3ff-fe40-1eec]-9618+128.105.69.235-9618&alias=e2618.chtc.wisc.edu&noUDP&sock=slot1_10_3458771_d083_27226>
...
040 (2343141.000.000) 2024-10-07 14:05:55 Finished transferring input files
...
001 (2343141.000.000) 2024-10-07 14:05:56 Job executing on host: <128.105.69.235:9618?addrs=[2607-f388-2200-100-eaeb-d3ff-fe40-1eec]-9618+128.105.69.235-9618&alias=e2618.chtc.wisc.edu&noUDP&sock=startd_20144_afdd>
	SlotName: slot1_10@e2618.chtc.wisc.edu
	CondorScratchDir = "/var/lib/condor/execute/slot1/dir_974182"
	Cpus = 1
	Disk = 52430192
	GPUs = 0
	IoHeavy = 0
	Memory = 51200
...
040 (2343141.000.000) 2024-10-07 14:06:15 Started transferring output files
...
040 (2343141.000.000) 2024-10-07 14:06:15 Finished transferring output files
...
005 (2343141.000.000) 2024-10-07 14:06:15 Job terminated.
	(1) Normal termination (return value 1)
		Usr 0 00:00:00, Sys 0 00:00:00  -  Run Remote Usage
		Usr 0 00:00:00, Sys 0 00:00:00  -  Run Local Usage
		Usr 0 00:00:00, Sys 0 00:00:00  -  Total Remote Usage
		Usr 0 00:00:00, Sys 0 00:00:00  -  Total Local Usage
	788  -  Run Bytes Sent By Job
	852145856  -  Run Bytes Received By Job
	788  -  Total Bytes Sent By Job
	852145856  -  Total Bytes Received By Job
	Partitionable Resources :    Usage  Request Allocated 
	   Cpus                 :        0        1         1 
	   Disk (KB)            :   832202 52428800  52430192 
	   GPUs                 :                           0 
	   IoHeavy              :                           0 
	   Memory (MB)          :             51200     51200 
	   TimeExecute (s)      :       18                    
	   TimeSlotBusy (s)     :       23                    

	Job terminated of its own accord at 2024-10-07T19:06:14Z with exit-code 1.
...
000 (2343627.000.000) 2024-10-07 14:11:11 Job submitted from host: <128.105.68.113:9618?addrs=[2607-f388-2200-100-eaeb-d3ff-fea7-d05e]-9618+128.105.68.113-9618&alias=ap2002.chtc.wisc.edu&noUDP&sock=schedd_808521_bc0d>
    DAG Node: SB5YTL_1+minimap2
...
040 (2343627.000.000) 2024-10-07 14:12:14 Started transferring input files
	Transferring to host: <128.105.69.143:9618?addrs=128.105.69.143-9618+[2607-f388-2200-100-1270-fdff-fe56-7694]-9618&alias=e4020.chtc.wisc.edu&noUDP&sock=slot1_3_2374175_d0ba_191>
...
040 (2343627.000.000) 2024-10-07 14:12:16 Finished transferring input files
...
001 (2343627.000.000) 2024-10-07 14:12:18 Job executing on host: <128.105.69.143:9618?addrs=128.105.69.143-9618+[2607-f388-2200-100-1270-fdff-fe56-7694]-9618&alias=e4020.chtc.wisc.edu&noUDP&sock=startd_14584_fd4b>
	SlotName: slot1_3@e4020.chtc.wisc.edu
	CondorScratchDir = "/var/lib/condor/execute/slot1/dir_2400583"
	Cpus = 1
	Disk = 52429953
	GPUs = 0
	IoHeavy = 0
	Memory = 51200
...
006 (2343627.000.000) 2024-10-07 14:13:42 Image size of job updated: 2686
	2686  -  MemoryUsage of job (MB)
	2750844  -  ResidentSetSize of job (KB)
...
040 (2343627.000.000) 2024-10-07 14:13:42 Started transferring output files
...
040 (2343627.000.000) 2024-10-07 14:13:45 Finished transferring output files
...
005 (2343627.000.000) 2024-10-07 14:13:45 Job terminated.
	(1) Normal termination (return value 0)
		Usr 0 00:03:00, Sys 0 00:00:02  -  Run Remote Usage
		Usr 0 00:00:00, Sys 0 00:00:00  -  Run Local Usage
		Usr 0 00:03:00, Sys 0 00:00:02  -  Total Remote Usage
		Usr 0 00:00:00, Sys 0 00:00:00  -  Total Local Usage
	1586855296  -  Run Bytes Sent By Job
	853764992  -  Run Bytes Received By Job
	1586855296  -  Total Bytes Sent By Job
	853764992  -  Total Bytes Received By Job
	Partitionable Resources :      Usage  Request Allocated 
	   Cpus                 :       0.00        1         1 
	   Disk (KB)            : 2383446    52428800  52429953 
	   GPUs                 :                             0 
	   IoHeavy              :                             0 
	   Memory (MB)          :    2686       51200     51200 
	   TimeExecute (s)      :      85                       
	   TimeSlotBusy (s)     :      91                       

	Job terminated of its own accord at 2024-10-07T19:13:42Z with exit-code 0.
...
